0 verbose cli C:\Program Files\nodejs\node.exe C:\Users\le056548\AppData\Roaming\npm\node_modules\npm\bin\npm-cli.js
1 info using npm@10.3.0
2 info using node@v21.0.0
3 timing npm:load:whichnode Completed in 5ms
4 timing config:load:defaults Completed in 5ms
5 timing config:load:file:C:\Users\le056548\AppData\Roaming\npm\node_modules\npm\npmrc Completed in 5ms
6 timing config:load:builtin Completed in 5ms
7 timing config:load:cli Completed in 3ms
8 timing config:load:env Completed in 1ms
9 timing config:load:file:C:\leo\dev\sap.github.io\.npmrc Completed in 1ms
10 timing config:load:project Completed in 6ms
11 timing config:load:file:C:\Users\le056548\.npmrc Completed in 1ms
12 timing config:load:user Completed in 1ms
13 timing config:load:file:C:\Users\le056548\AppData\Roaming\npm\etc\npmrc Completed in 1ms
14 timing config:load:global Completed in 1ms
15 timing config:load:setEnvs Completed in 1ms
16 timing config:load Completed in 23ms
17 timing npm:load:configload Completed in 24ms
18 timing config:load:flatten Completed in 6ms
19 timing npm:load:mkdirpcache Completed in 0ms
20 timing npm:load:mkdirplogs Completed in 0ms
21 verbose title npm exec quartz build --serve
22 verbose argv "exec" "--" "quartz" "build" "--serve"
23 timing npm:load:setTitle Completed in 1ms
24 timing npm:load:display Completed in 1ms
25 verbose logfile logs-max:10 dir:C:\leo\dev\sap.github.io\.npm\_logs\2024-04-13T17_28_53_785Z-
26 verbose logfile C:\leo\dev\sap.github.io\.npm\_logs\2024-04-13T17_28_53_785Z-debug-0.log
27 timing npm:load:logFile Completed in 21ms
28 timing npm:load:timers Completed in 0ms
29 timing npm:load:configScope Completed in 0ms
30 timing npm:load Completed in 108ms
31 silly logfile done cleaning log files
32 timing arborist:ctor Completed in 1ms
33 timing arborist:ctor Completed in 0ms
34 verbose shrinkwrap failed to load node_modules/.package-lock.json missing from lockfile: ../../../node_modules/.pnpm/async-mutex@0.5.0/node_modules/async-mutex
35 timing idealTree:init Completed in 6ms
36 timing idealTree:userRequests Completed in 2ms
37 silly idealTree buildDeps
38 silly placeDep ROOT @jackyzha0/quartz@4.2.3 REPLACE for:  want: file:../../..
39 timing idealTree:#root Completed in 9ms
40 timing idealTree:node_modules/@jackyzha0/quartz Completed in 0ms
41 timing idealTree:buildDeps Completed in 11ms
42 timing idealTree:fixDepFlags Completed in 0ms
43 timing idealTree Completed in 22ms
44 timing reify:loadTrees Completed in 22ms
45 timing reify:diffTrees Completed in 2ms
46 silly reify moves {}
47 timing reify:retireShallow Completed in 2ms
48 timing reify:createSparse Completed in 0ms
49 timing reify:loadBundles Completed in 0ms
50 silly audit bulk request { '@jackyzha0/quartz': [ '4.2.3' ] }
51 timing reify:unpack Completed in 3ms
52 timing reify:unretire Completed in 67ms
53 timing build:queue Completed in 0ms
54 timing build:deps Completed in 1ms
55 timing build:queue Completed in 8ms
56 timing build:link:node_modules/@jackyzha0/quartz Completed in 50ms
57 timing build:link Completed in 51ms
58 timing build:links Completed in 59ms
59 timing build Completed in 60ms
60 timing reify:build Completed in 60ms
61 timing reify:trash Completed in 0ms
62 timing reify:save Completed in 11ms
63 http fetch POST 200 https://registry.npmjs.org/-/npm/v1/security/advisories/bulk 414ms
64 timing auditReport:getReport Completed in 417ms
65 silly audit report {}
66 timing auditReport:init Completed in 0ms
67 timing reify:audit Completed in 419ms
68 timing reify Completed in 449ms
