0 verbose cli C:\Program Files\nodejs\node.exe C:\Users\le056548\AppData\Roaming\npm\node_modules\npm\bin\npm-cli.js
1 info using npm@10.3.0
2 info using node@v21.0.0
3 timing npm:load:whichnode Completed in 3ms
4 timing config:load:defaults Completed in 2ms
5 timing config:load:file:C:\Users\le056548\AppData\Roaming\npm\node_modules\npm\npmrc Completed in 4ms
6 timing config:load:builtin Completed in 5ms
7 timing config:load:cli Completed in 2ms
8 timing config:load:env Completed in 1ms
9 timing config:load:file:C:\leo\dev\sap.github.io\.npmrc Completed in 1ms
10 timing config:load:project Completed in 4ms
11 timing config:load:file:C:\Users\le056548\.npmrc Completed in 1ms
12 timing config:load:user Completed in 1ms
13 timing config:load:file:C:\Users\le056548\AppData\Roaming\npm\etc\npmrc Completed in 1ms
14 timing config:load:global Completed in 1ms
15 timing config:load:setEnvs Completed in 1ms
16 timing config:load Completed in 17ms
17 timing npm:load:configload Completed in 17ms
18 timing config:load:flatten Completed in 3ms
19 timing npm:load:mkdirpcache Completed in 0ms
20 timing npm:load:mkdirplogs Completed in 1ms
21 verbose title npm exec quartz build --serve
22 verbose argv "exec" "--" "quartz" "build" "--serve"
23 timing npm:load:setTitle Completed in 1ms
24 timing npm:load:display Completed in 1ms
25 verbose logfile logs-max:10 dir:C:\leo\dev\sap.github.io\.npm\_logs\2024-04-13T17_49_37_239Z-
26 verbose logfile C:\leo\dev\sap.github.io\.npm\_logs\2024-04-13T17_49_37_239Z-debug-0.log
27 timing npm:load:logFile Completed in 11ms
28 timing npm:load:timers Completed in 0ms
29 timing npm:load:configScope Completed in 0ms
30 timing npm:load Completed in 70ms
31 silly logfile start cleaning logs, removing 2 files
32 timing arborist:ctor Completed in 1ms
33 silly logfile done cleaning log files
34 timing arborist:ctor Completed in 0ms
35 verbose shrinkwrap failed to load node_modules/.package-lock.json missing from lockfile: ../../../node_modules/.pnpm/chalk@5.3.0/node_modules/chalk
36 timing idealTree:init Completed in 5ms
37 timing idealTree:userRequests Completed in 2ms
38 silly idealTree buildDeps
39 silly placeDep ROOT @jackyzha0/quartz@4.2.3 REPLACE for:  want: file:../../..
40 timing idealTree:#root Completed in 7ms
41 timing idealTree:node_modules/@jackyzha0/quartz Completed in 0ms
42 timing idealTree:buildDeps Completed in 9ms
43 timing idealTree:fixDepFlags Completed in 0ms
44 timing idealTree Completed in 18ms
45 timing reify:loadTrees Completed in 18ms
46 timing reify:diffTrees Completed in 2ms
47 silly reify moves {}
48 timing reify:retireShallow Completed in 2ms
49 timing reify:createSparse Completed in 0ms
50 timing reify:loadBundles Completed in 0ms
51 silly audit bulk request { '@jackyzha0/quartz': [ '4.2.3' ] }
52 timing reify:unpack Completed in 4ms
53 timing reify:unretire Completed in 58ms
54 timing build:queue Completed in 0ms
55 timing build:deps Completed in 0ms
56 timing build:queue Completed in 7ms
57 timing build:link:node_modules/@jackyzha0/quartz Completed in 46ms
58 timing build:link Completed in 46ms
59 timing build:links Completed in 54ms
60 timing build Completed in 55ms
61 timing reify:build Completed in 55ms
62 timing reify:trash Completed in 0ms
63 timing reify:save Completed in 13ms
64 http fetch POST 200 https://registry.npmjs.org/-/npm/v1/security/advisories/bulk 386ms
65 timing auditReport:getReport Completed in 388ms
66 silly audit report {}
67 timing auditReport:init Completed in 0ms
68 timing reify:audit Completed in 389ms
69 timing reify Completed in 413ms
