0 verbose cli C:\Program Files\nodejs\node.exe C:\Users\le056548\AppData\Roaming\npm\node_modules\npm\bin\npm-cli.js
1 info using npm@10.3.0
2 info using node@v21.0.0
3 timing npm:load:whichnode Completed in 6ms
4 timing config:load:defaults Completed in 3ms
5 timing config:load:file:C:\Users\le056548\AppData\Roaming\npm\node_modules\npm\npmrc Completed in 5ms
6 timing config:load:builtin Completed in 5ms
7 timing config:load:cli Completed in 4ms
8 timing config:load:env Completed in 1ms
9 timing config:load:file:C:\leo\dev\sap.github.io\.npmrc Completed in 1ms
10 timing config:load:project Completed in 4ms
11 timing config:load:file:C:\Users\le056548\.npmrc Completed in 0ms
12 timing config:load:user Completed in 1ms
13 timing config:load:file:C:\Users\le056548\AppData\Roaming\npm\etc\npmrc Completed in 0ms
14 timing config:load:global Completed in 0ms
15 timing config:load:setEnvs Completed in 2ms
16 timing config:load Completed in 22ms
17 timing npm:load:configload Completed in 22ms
18 timing config:load:flatten Completed in 3ms
19 timing npm:load:mkdirpcache Completed in 0ms
20 timing npm:load:mkdirplogs Completed in 1ms
21 verbose title npm exec quartz build --serve
22 verbose argv "exec" "--" "quartz" "build" "--serve"
23 timing npm:load:setTitle Completed in 1ms
24 timing npm:load:display Completed in 1ms
25 verbose logfile logs-max:10 dir:C:\leo\dev\sap.github.io\.npm\_logs\2024-04-13T15_27_26_646Z-
26 verbose logfile C:\leo\dev\sap.github.io\.npm\_logs\2024-04-13T15_27_26_646Z-debug-0.log
27 timing npm:load:logFile Completed in 12ms
28 timing npm:load:timers Completed in 1ms
29 timing npm:load:configScope Completed in 0ms
30 timing npm:load Completed in 95ms
31 silly logfile done cleaning log files
32 timing arborist:ctor Completed in 1ms
33 http fetch GET 200 https://registry.npmjs.org/npm 326ms
34 timing arborist:ctor Completed in 0ms
35 timing arborist:ctor Completed in 0ms
36 timing idealTree:init Completed in 5ms
37 timing idealTree:userRequests Completed in 2ms
38 silly idealTree buildDeps
39 silly placeDep ROOT @jackyzha0/quartz@4.2.3 OK for:  want: file:../../..
40 timing idealTree:#root Completed in 6ms
41 timing idealTree:node_modules/@jackyzha0/quartz Completed in 0ms
42 timing idealTree:buildDeps Completed in 7ms
43 timing idealTree:fixDepFlags Completed in 0ms
44 timing idealTree Completed in 16ms
45 timing reify:loadTrees Completed in 16ms
46 timing reify:diffTrees Completed in 1ms
47 silly reify moves {}
48 timing reify:retireShallow Completed in 2ms
49 timing reify:createSparse Completed in 0ms
50 timing reify:loadBundles Completed in 0ms
51 silly audit bulk request { '@jackyzha0/quartz': [ '4.2.3' ] }
52 timing reifyNode:node_modules/@jackyzha0/quartz Completed in 8ms
53 timing reify:unpack Completed in 8ms
54 timing reify:unretire Completed in 0ms
55 timing build:queue Completed in 0ms
56 timing build:deps Completed in 0ms
57 timing build:queue Completed in 1ms
58 timing build:link:node_modules/@jackyzha0/quartz Completed in 37ms
59 timing build:link Completed in 38ms
60 timing build:links Completed in 39ms
61 timing build Completed in 40ms
62 timing reify:build Completed in 40ms
63 timing reify:trash Completed in 0ms
64 timing reify:save Completed in 13ms
65 http fetch POST 200 https://registry.npmjs.org/-/npm/v1/security/advisories/bulk 223ms
66 timing auditReport:getReport Completed in 226ms
67 silly audit report {}
68 timing auditReport:init Completed in 0ms
69 timing reify:audit Completed in 226ms
70 timing reify Completed in 248ms
